<?xml version="1.0" encoding="UTF-8"?>
<testng-results ignored="0" total="1" passed="0" failed="1" skipped="0">
  <reporter-output>
  </reporter-output>
  <suite started-at="2022-03-14T07:48:10Z" name="Default suite" finished-at="2022-03-14T07:48:14Z" duration-ms="3672">
    <groups>
      <group name="cucumber">
        <method signature="AbstractTestNGCucumberTests.runScenario(io.cucumber.testng.PickleWrapper, io.cucumber.testng.FeatureWrapper)[pri:0, instance:com.vnv.magicbricks.runner.MagicBricksRunner@59a008ba]" name="runScenario" class="io.cucumber.testng.AbstractTestNGCucumberTests"/>
      </group> <!-- cucumber -->
    </groups>
    <test started-at="2022-03-14T07:48:10Z" name="Default test" finished-at="2022-03-14T07:48:14Z" duration-ms="3672">
      <class name="com.vnv.magicbricks.runner.MagicBricksRunner">
        <test-method is-config="true" signature="setUpClass()[pri:0, instance:com.vnv.magicbricks.runner.MagicBricksRunner@59a008ba]" started-at="2022-03-14T07:48:10Z" name="setUpClass" finished-at="2022-03-14T07:48:11Z" duration-ms="242" status="PASS">
          <reporter-output>
          </reporter-output>
        </test-method> <!-- setUpClass -->
        <test-method signature="runScenario(io.cucumber.testng.PickleWrapper, io.cucumber.testng.FeatureWrapper)[pri:0, instance:com.vnv.magicbricks.runner.MagicBricksRunner@59a008ba]" started-at="2022-03-14T07:48:11Z" name="runScenario" description="Runs Cucumber Scenarios" data-provider="scenarios" finished-at="2022-03-14T07:48:14Z" duration-ms="3362" status="FAIL">
          <params>
            <param index="0">
              <value>
                <![CDATA["Successful renting house properties"]]>
              </value>
            </param>
            <param index="1">
              <value>
                <![CDATA["Validate Rent functionality of MagicBricks application"]]>
              </value>
            </param>
          </params>
          <exception class="org.openqa.selenium.ElementNotInteractableException">
            <message>
              <![CDATA[element not interactable: javascript:void(0) has no size and location
  (Session info: chrome=99.0.4844.51)
Build info: version: '3.141.59', revision: 'e82be7d358', time: '2018-11-14T08:17:03'
System info: host: 'LIN24009212', ip: '192.168.54.220', os.name: 'Windows 10', os.arch: 'amd64', os.version: '10.0', java.version: '17.0.2'
Driver info: org.openqa.selenium.chrome.ChromeDriver
Capabilities {acceptInsecureCerts: false, browserName: chrome, browserVersion: 99.0.4844.51, chrome: {chromedriverVersion: 98.0.4758.102 (273bf7ac8c90..., userDataDir: C:\Users\adeedv\AppData\Loc...}, goog:chromeOptions: {debuggerAddress: localhost:51497}, javascriptEnabled: true, networkConnectionEnabled: false, pageLoadStrategy: normal, platform: WINDOWS, platformName: WINDOWS, proxy: Proxy(), setWindowRect: true, strictFileInteractability: false, timeouts: {implicit: 0, pageLoad: 300000, script: 30000}, unhandledPromptBehavior: dismiss and notify, webauthn:extension:credBlob: true, webauthn:extension:largeBlob: true, webauthn:virtualAuthenticators: true}
Session ID: af977abb6df9b969d57529e5c78da810]]>
            </message>
            <full-stacktrace>
              <![CDATA[org.openqa.selenium.ElementNotInteractableException: element not interactable: javascript:void(0) has no size and location
  (Session info: chrome=99.0.4844.51)
Build info: version: '3.141.59', revision: 'e82be7d358', time: '2018-11-14T08:17:03'
System info: host: 'LIN24009212', ip: '192.168.54.220', os.name: 'Windows 10', os.arch: 'amd64', os.version: '10.0', java.version: '17.0.2'
Driver info: org.openqa.selenium.chrome.ChromeDriver
Capabilities {acceptInsecureCerts: false, browserName: chrome, browserVersion: 99.0.4844.51, chrome: {chromedriverVersion: 98.0.4758.102 (273bf7ac8c90..., userDataDir: C:\Users\adeedv\AppData\Loc...}, goog:chromeOptions: {debuggerAddress: localhost:51497}, javascriptEnabled: true, networkConnectionEnabled: false, pageLoadStrategy: normal, platform: WINDOWS, platformName: WINDOWS, proxy: Proxy(), setWindowRect: true, strictFileInteractability: false, timeouts: {implicit: 0, pageLoad: 300000, script: 30000}, unhandledPromptBehavior: dismiss and notify, webauthn:extension:credBlob: true, webauthn:extension:largeBlob: true, webauthn:virtualAuthenticators: true}
Session ID: af977abb6df9b969d57529e5c78da810
at java.base/jdk.internal.reflect.NativeConstructorAccessorImpl.newInstance0(Native Method)
at java.base/jdk.internal.reflect.NativeConstructorAccessorImpl.newInstance(NativeConstructorAccessorImpl.java:77)
at java.base/jdk.internal.reflect.DelegatingConstructorAccessorImpl.newInstance(DelegatingConstructorAccessorImpl.java:45)
at java.base/java.lang.reflect.Constructor.newInstanceWithCaller(Constructor.java:499)
at java.base/java.lang.reflect.Constructor.newInstance(Constructor.java:480)
at org.openqa.selenium.remote.http.W3CHttpResponseCodec.createException(W3CHttpResponseCodec.java:187)
at org.openqa.selenium.remote.http.W3CHttpResponseCodec.decode(W3CHttpResponseCodec.java:122)
at org.openqa.selenium.remote.http.W3CHttpResponseCodec.decode(W3CHttpResponseCodec.java:49)
at org.openqa.selenium.remote.HttpCommandExecutor.execute(HttpCommandExecutor.java:158)
at org.openqa.selenium.remote.service.DriverCommandExecutor.execute(DriverCommandExecutor.java:83)
at org.openqa.selenium.remote.RemoteWebDriver.execute(RemoteWebDriver.java:552)
at org.openqa.selenium.remote.RemoteWebDriver.perform(RemoteWebDriver.java:618)
at org.openqa.selenium.interactions.Actions$BuiltAction.perform(Actions.java:639)
at com.vnv.magicbricks.pages.RentPage.login(RentPage.java:145)
at com.vnv.magicbricks.steps.RentSteps.user_has_already_logged_in_with_valid_credentials_of_MagicBricks_application(RentSteps.java:19)
at ✽.User has already logged in with valid credentials of MagicBricks application(file:///C:/vnv_magic_bricks/com.vnv_magicbricks_adeep11/src/test/resources/magicbricks/Rent.feature:6)
]]>
            </full-stacktrace>
          </exception> <!-- org.openqa.selenium.ElementNotInteractableException -->
          <reporter-output>
          </reporter-output>
        </test-method> <!-- runScenario -->
        <test-method is-config="true" signature="tearDownClass()[pri:0, instance:com.vnv.magicbricks.runner.MagicBricksRunner@59a008ba]" started-at="2022-03-14T07:48:14Z" name="tearDownClass" finished-at="2022-03-14T07:48:14Z" duration-ms="47" status="PASS">
          <reporter-output>
          </reporter-output>
        </test-method> <!-- tearDownClass -->
        <test-method is-config="true" signature="teardown()[pri:0, instance:com.vnv.magicbricks.runner.MagicBricksRunner@59a008ba]" started-at="2022-03-14T07:48:14Z" name="teardown" finished-at="2022-03-14T07:48:14Z" duration-ms="167" status="PASS">
          <reporter-output>
          </reporter-output>
        </test-method> <!-- teardown -->
      </class> <!-- com.vnv.magicbricks.runner.MagicBricksRunner -->
    </test> <!-- Default test -->
  </suite> <!-- Default suite -->
</testng-results>
